[ERROR] descriptor '__init__' of 'super' object needs an argument
[ERROR] descriptor '__init__' of 'super' object needs an argument
[ERROR] descriptor '__init__' of 'super' object needs an argument
[ERROR] descriptor '__init__' of 'super' object needs an argument
[ERROR] descriptor '__init__' of 'super' object needs an argument
[ERROR] name 'layout1' is not defined
[INFO] 2024-05-11 Saturday 21:52:02: [-] …®√ËΩ· ¯

[ERROR] 2024-05-11 Saturday 21:52:18: HTTPConnectionPool(host='localhost', port=10021): Max retries exceeded with url: /shell.php (Caused by ConnectTimeoutError(<urllib3.connection.HTTPConnection object at 0x0000023F2F2CA8A0>, 'Connection to localhost timed out. (connect timeout=0.3)'))
[ERROR] 2024-05-11 Saturday 21:55:04: HTTPConnectionPool(host='localhost', port=10021): Max retries exceeded with url: /shell.php (Caused by ConnectTimeoutError(<urllib3.connection.HTTPConnection object at 0x0000023F2F2EC830>, 'Connection to localhost timed out. (connect timeout=0.3)'))
[ERROR] 2024-05-11 Saturday 21:55:29: HTTPConnectionPool(host='localhost', port=10021): Max retries exceeded with url: /shell.php (Caused by ConnectTimeoutError(<urllib3.connection.HTTPConnection object at 0x0000023F2F2ECD70>, 'Connection to localhost timed out. (connect timeout=0.3)'))
[ERROR] 2024-05-11 Saturday 21:55:44: HTTPConnectionPool(host='localhost', port=10021): Max retries exceeded with url: /shell.php (Caused by ConnectTimeoutError(<urllib3.connection.HTTPConnection object at 0x0000023F2F2CBCE0>, 'Connection to localhost timed out. (connect timeout=0.3)'))
[INFO] 2024-05-11 Saturday 21:55:54: [-] …®√ËΩ· ¯

[ERROR] 2024-05-11 Saturday 21:57:49: HTTPConnectionPool(host='awd.seek2.top', port=80): Max retries exceeded with url: /api/flag (Caused by ConnectTimeoutError(<urllib3.connection.HTTPConnection object at 0x0000023F2F2EF4A0>, 'Connection to awd.seek2.top timed out. (connect timeout=0.3)'))
[ERROR] 2024-05-11 Saturday 22:47:03: invalid literal for int() with base 10: ''
[ERROR] 2024-05-11 Saturday 22:47:04: HTTPSConnectionPool(host='awd.seek2.top', port=48001): Max retries exceeded with url: / (Caused by SSLError(SSLError(1, '[SSL: WRONG_VERSION_NUMBER] wrong version number (_ssl.c:1000)')))
[ERROR] 2024-05-11 Saturday 22:47:04: HTTPSConnectionPool(host='awd.seek2.top', port=48002): Max retries exceeded with url: / (Caused by SSLError(SSLError(1, '[SSL: WRONG_VERSION_NUMBER] wrong version number (_ssl.c:1000)')))
[ERROR] 2024-05-11 Saturday 22:47:04: HTTPSConnectionPool(host='awd.seek2.top', port=48003): Max retries exceeded with url: / (Caused by SSLError(SSLError(1, '[SSL: WRONG_VERSION_NUMBER] wrong version number (_ssl.c:1000)')))
[ERROR] 2024-05-11 Saturday 22:47:05: HTTPSConnectionPool(host='awd.seek2.top', port=48004): Max retries exceeded with url: / (Caused by SSLError(SSLError(1, '[SSL: WRONG_VERSION_NUMBER] wrong version number (_ssl.c:1000)')))
[ERROR] 2024-05-11 Saturday 22:47:05: HTTPSConnectionPool(host='awd.seek2.top', port=48005): Max retries exceeded with url: / (Caused by SSLError(SSLError(1, '[SSL: WRONG_VERSION_NUMBER] wrong version number (_ssl.c:1000)')))
[ERROR] 2024-05-11 Saturday 22:47:05: HTTPSConnectionPool(host='awd.seek2.top', port=48006): Max retries exceeded with url: / (Caused by SSLError(SSLError(1, '[SSL: WRONG_VERSION_NUMBER] wrong version number (_ssl.c:1000)')))
[ERROR] 2024-05-11 Saturday 22:47:06: HTTPSConnectionPool(host='awd.seek2.top', port=48007): Max retries exceeded with url: / (Caused by SSLError(SSLError(1, '[SSL: WRONG_VERSION_NUMBER] wrong version number (_ssl.c:1000)')))
[ERROR] 2024-05-11 Saturday 22:47:06: HTTPSConnectionPool(host='awd.seek2.top', port=48008): Max retries exceeded with url: / (Caused by SSLError(SSLError(1, '[SSL: WRONG_VERSION_NUMBER] wrong version number (_ssl.c:1000)')))
[ERROR] 2024-05-11 Saturday 22:47:06: HTTPSConnectionPool(host='awd.seek2.top', port=48009): Max retries exceeded with url: / (Caused by SSLError(SSLError(1, '[SSL: WRONG_VERSION_NUMBER] wrong version number (_ssl.c:1000)')))
[ERROR] 2024-05-11 Saturday 22:47:06: HTTPSConnectionPool(host='awd.seek2.top', port=48010): Max retries exceeded with url: / (Caused by SSLError(SSLError(1, '[SSL: WRONG_VERSION_NUMBER] wrong version number (_ssl.c:1000)')))
[ERROR] 2024-05-11 Saturday 22:47:07: HTTPSConnectionPool(host='awd.seek2.top', port=48011): Max retries exceeded with url: / (Caused by SSLError(SSLError(1, '[SSL: WRONG_VERSION_NUMBER] wrong version number (_ssl.c:1000)')))
[ERROR] 2024-05-11 Saturday 22:47:07: HTTPSConnectionPool(host='awd.seek2.top', port=48012): Max retries exceeded with url: / (Caused by SSLError(SSLError(1, '[SSL: WRONG_VERSION_NUMBER] wrong version number (_ssl.c:1000)')))
[ERROR] 2024-05-11 Saturday 22:47:07: HTTPSConnectionPool(host='awd.seek2.top', port=48013): Max retries exceeded with url: / (Caused by SSLError(SSLError(1, '[SSL: WRONG_VERSION_NUMBER] wrong version number (_ssl.c:1000)')))
[ERROR] 2024-05-11 Saturday 22:47:08: HTTPSConnectionPool(host='awd.seek2.top', port=48014): Max retries exceeded with url: / (Caused by SSLError(SSLError(1, '[SSL: WRONG_VERSION_NUMBER] wrong version number (_ssl.c:1000)')))
[ERROR] 2024-05-11 Saturday 22:47:08: HTTPSConnectionPool(host='awd.seek2.top', port=48015): Max retries exceeded with url: / (Caused by SSLError(SSLError(1, '[SSL: WRONG_VERSION_NUMBER] wrong version number (_ssl.c:1000)')))
[ERROR] 2024-05-11 Saturday 22:47:08: HTTPSConnectionPool(host='awd.seek2.top', port=48016): Max retries exceeded with url: / (Caused by SSLError(SSLError(1, '[SSL: WRONG_VERSION_NUMBER] wrong version number (_ssl.c:1000)')))
[ERROR] 2024-05-11 Saturday 22:47:08: HTTPSConnectionPool(host='awd.seek2.top', port=48017): Max retries exceeded with url: / (Caused by SSLError(SSLEOFError(8, '[SSL: UNEXPECTED_EOF_WHILE_READING] EOF occurred in violation of protocol (_ssl.c:1000)')))
[ERROR] 2024-05-11 Saturday 22:47:09: HTTPSConnectionPool(host='awd.seek2.top', port=48018): Max retries exceeded with url: / (Caused by SSLError(SSLEOFError(8, '[SSL: UNEXPECTED_EOF_WHILE_READING] EOF occurred in violation of protocol (_ssl.c:1000)')))
[ERROR] 2024-05-11 Saturday 22:47:09: HTTPSConnectionPool(host='awd.seek2.top', port=48019): Max retries exceeded with url: / (Caused by SSLError(SSLEOFError(8, '[SSL: UNEXPECTED_EOF_WHILE_READING] EOF occurred in violation of protocol (_ssl.c:1000)')))
[ERROR] 2024-05-11 Saturday 22:47:09: HTTPSConnectionPool(host='awd.seek2.top', port=48020): Max retries exceeded with url: / (Caused by SSLError(SSLEOFError(8, '[SSL: UNEXPECTED_EOF_WHILE_READING] EOF occurred in violation of protocol (_ssl.c:1000)')))
[ERROR] 2024-05-11 Saturday 22:47:09: HTTPSConnectionPool(host='awd.seek2.top', port=48021): Max retries exceeded with url: / (Caused by SSLError(SSLEOFError(8, '[SSL: UNEXPECTED_EOF_WHILE_READING] EOF occurred in violation of protocol (_ssl.c:1000)')))
[ERROR] 2024-05-11 Saturday 22:47:10: HTTPSConnectionPool(host='awd.seek2.top', port=48022): Max retries exceeded with url: / (Caused by SSLError(SSLEOFError(8, '[SSL: UNEXPECTED_EOF_WHILE_READING] EOF occurred in violation of protocol (_ssl.c:1000)')))
[ERROR] 2024-05-11 Saturday 22:47:10: HTTPSConnectionPool(host='awd.seek2.top', port=48023): Max retries exceeded with url: / (Caused by SSLError(SSLEOFError(8, '[SSL: UNEXPECTED_EOF_WHILE_READING] EOF occurred in violation of protocol (_ssl.c:1000)')))
[INFO] 2024-05-11 Saturday 22:47:10: [-] …®√Ë“—Õ£÷π
[INFO] 2024-05-11 Saturday 22:47:10: [-] …®√ËΩ· ¯

[ERROR] 2024-05-11 Saturday 22:47:19: invalid literal for int() with base 10: ''
[ERROR] 2024-05-11 Saturday 22:47:19: HTTPSConnectionPool(host='awd.seek2.top', port=48001): Max retries exceeded with url: / (Caused by SSLError(SSLError(1, '[SSL: WRONG_VERSION_NUMBER] wrong version number (_ssl.c:1000)')))
[ERROR] 2024-05-11 Saturday 22:47:19: HTTPSConnectionPool(host='awd.seek2.top', port=48002): Max retries exceeded with url: / (Caused by SSLError(SSLError(1, '[SSL: WRONG_VERSION_NUMBER] wrong version number (_ssl.c:1000)')))
[ERROR] 2024-05-11 Saturday 22:47:20: HTTPSConnectionPool(host='awd.seek2.top', port=48003): Max retries exceeded with url: / (Caused by SSLError(SSLError(1, '[SSL: WRONG_VERSION_NUMBER] wrong version number (_ssl.c:1000)')))
[ERROR] 2024-05-11 Saturday 22:47:20: HTTPSConnectionPool(host='awd.seek2.top', port=48004): Max retries exceeded with url: / (Caused by SSLError(SSLError(1, '[SSL: WRONG_VERSION_NUMBER] wrong version number (_ssl.c:1000)')))
[ERROR] 2024-05-11 Saturday 22:47:20: HTTPSConnectionPool(host='awd.seek2.top', port=48005): Max retries exceeded with url: / (Caused by SSLError(SSLError(1, '[SSL: WRONG_VERSION_NUMBER] wrong version number (_ssl.c:1000)')))
[ERROR] 2024-05-11 Saturday 22:47:21: HTTPSConnectionPool(host='awd.seek2.top', port=48006): Max retries exceeded with url: / (Caused by SSLError(SSLError(1, '[SSL: WRONG_VERSION_NUMBER] wrong version number (_ssl.c:1000)')))
[ERROR] 2024-05-11 Saturday 22:47:21: HTTPSConnectionPool(host='awd.seek2.top', port=48007): Max retries exceeded with url: / (Caused by SSLError(SSLError(1, '[SSL: WRONG_VERSION_NUMBER] wrong version number (_ssl.c:1000)')))
[ERROR] 2024-05-11 Saturday 22:47:21: HTTPSConnectionPool(host='awd.seek2.top', port=48008): Max retries exceeded with url: / (Caused by SSLError(SSLError(1, '[SSL: WRONG_VERSION_NUMBER] wrong version number (_ssl.c:1000)')))
[ERROR] 2024-05-11 Saturday 22:47:22: HTTPSConnectionPool(host='awd.seek2.top', port=48009): Max retries exceeded with url: / (Caused by SSLError(SSLError(1, '[SSL: WRONG_VERSION_NUMBER] wrong version number (_ssl.c:1000)')))
[ERROR] 2024-05-11 Saturday 22:47:22: HTTPSConnectionPool(host='awd.seek2.top', port=48010): Max retries exceeded with url: / (Caused by SSLError(SSLError(1, '[SSL: WRONG_VERSION_NUMBER] wrong version number (_ssl.c:1000)')))
[ERROR] 2024-05-11 Saturday 22:47:22: HTTPSConnectionPool(host='awd.seek2.top', port=48011): Max retries exceeded with url: / (Caused by SSLError(SSLError(1, '[SSL: WRONG_VERSION_NUMBER] wrong version number (_ssl.c:1000)')))
[ERROR] 2024-05-11 Saturday 22:47:23: HTTPSConnectionPool(host='awd.seek2.top', port=48012): Max retries exceeded with url: / (Caused by SSLError(SSLError(1, '[SSL: WRONG_VERSION_NUMBER] wrong version number (_ssl.c:1000)')))
[ERROR] 2024-05-11 Saturday 22:47:23: HTTPSConnectionPool(host='awd.seek2.top', port=48013): Max retries exceeded with url: / (Caused by SSLError(SSLError(1, '[SSL: WRONG_VERSION_NUMBER] wrong version number (_ssl.c:1000)')))
[ERROR] 2024-05-11 Saturday 22:47:24: HTTPSConnectionPool(host='awd.seek2.top', port=48014): Max retries exceeded with url: / (Caused by SSLError(SSLError(1, '[SSL: WRONG_VERSION_NUMBER] wrong version number (_ssl.c:1000)')))
[ERROR] 2024-05-11 Saturday 22:47:24: HTTPSConnectionPool(host='awd.seek2.top', port=48015): Max retries exceeded with url: / (Caused by SSLError(SSLError(1, '[SSL: WRONG_VERSION_NUMBER] wrong version number (_ssl.c:1000)')))
[ERROR] 2024-05-11 Saturday 22:47:24: HTTPSConnectionPool(host='awd.seek2.top', port=48016): Max retries exceeded with url: / (Caused by SSLError(SSLError(1, '[SSL: WRONG_VERSION_NUMBER] wrong version number (_ssl.c:1000)')))
[ERROR] 2024-05-11 Saturday 22:47:25: HTTPSConnectionPool(host='awd.seek2.top', port=48017): Max retries exceeded with url: / (Caused by SSLError(SSLEOFError(8, '[SSL: UNEXPECTED_EOF_WHILE_READING] EOF occurred in violation of protocol (_ssl.c:1000)')))
[INFO] 2024-05-11 Saturday 22:47:25: [-] …®√Ë“—Õ£÷π
[INFO] 2024-05-11 Saturday 22:47:25: [-] …®√ËΩ· ¯

[ERROR] 2024-05-11 Saturday 22:47:34: invalid literal for int() with base 10: ''
[ERROR] 2024-05-11 Saturday 22:47:34: HTTPSConnectionPool(host='awd.seek2.top', port=48001): Max retries exceeded with url: / (Caused by SSLError(SSLError(1, '[SSL: WRONG_VERSION_NUMBER] wrong version number (_ssl.c:1000)')))
[ERROR] 2024-05-11 Saturday 22:47:35: HTTPSConnectionPool(host='awd.seek2.top', port=48002): Max retries exceeded with url: / (Caused by SSLError(SSLError(1, '[SSL: WRONG_VERSION_NUMBER] wrong version number (_ssl.c:1000)')))
[ERROR] 2024-05-11 Saturday 22:47:35: HTTPSConnectionPool(host='awd.seek2.top', port=48003): Max retries exceeded with url: / (Caused by SSLError(SSLError(1, '[SSL: WRONG_VERSION_NUMBER] wrong version number (_ssl.c:1000)')))
[ERROR] 2024-05-11 Saturday 22:47:36: HTTPSConnectionPool(host='awd.seek2.top', port=48004): Max retries exceeded with url: / (Caused by SSLError(SSLError(1, '[SSL: WRONG_VERSION_NUMBER] wrong version number (_ssl.c:1000)')))
[ERROR] 2024-05-11 Saturday 22:47:36: HTTPSConnectionPool(host='awd.seek2.top', port=48005): Max retries exceeded with url: / (Caused by SSLError(SSLError(1, '[SSL: WRONG_VERSION_NUMBER] wrong version number (_ssl.c:1000)')))
[ERROR] 2024-05-11 Saturday 22:47:36: HTTPSConnectionPool(host='awd.seek2.top', port=48006): Max retries exceeded with url: / (Caused by SSLError(SSLError(1, '[SSL: WRONG_VERSION_NUMBER] wrong version number (_ssl.c:1000)')))
[ERROR] 2024-05-11 Saturday 22:47:36: HTTPSConnectionPool(host='awd.seek2.top', port=48007): Max retries exceeded with url: / (Caused by SSLError(SSLError(1, '[SSL: WRONG_VERSION_NUMBER] wrong version number (_ssl.c:1000)')))
[ERROR] 2024-05-11 Saturday 22:47:37: HTTPSConnectionPool(host='awd.seek2.top', port=48008): Max retries exceeded with url: / (Caused by SSLError(SSLError(1, '[SSL: WRONG_VERSION_NUMBER] wrong version number (_ssl.c:1000)')))
[ERROR] 2024-05-11 Saturday 22:47:37: HTTPSConnectionPool(host='awd.seek2.top', port=48009): Max retries exceeded with url: / (Caused by SSLError(SSLError(1, '[SSL: WRONG_VERSION_NUMBER] wrong version number (_ssl.c:1000)')))
[ERROR] 2024-05-11 Saturday 22:47:37: HTTPSConnectionPool(host='awd.seek2.top', port=48010): Max retries exceeded with url: / (Caused by SSLError(SSLError(1, '[SSL: WRONG_VERSION_NUMBER] wrong version number (_ssl.c:1000)')))
[ERROR] 2024-05-11 Saturday 22:47:37: HTTPSConnectionPool(host='awd.seek2.top', port=48011): Max retries exceeded with url: / (Caused by SSLError(SSLError(1, '[SSL: WRONG_VERSION_NUMBER] wrong version number (_ssl.c:1000)')))
[ERROR] 2024-05-11 Saturday 22:47:38: HTTPSConnectionPool(host='awd.seek2.top', port=48012): Max retries exceeded with url: / (Caused by SSLError(SSLError(1, '[SSL: WRONG_VERSION_NUMBER] wrong version number (_ssl.c:1000)')))
[ERROR] 2024-05-11 Saturday 22:47:38: HTTPSConnectionPool(host='awd.seek2.top', port=48013): Max retries exceeded with url: / (Caused by SSLError(SSLError(1, '[SSL: WRONG_VERSION_NUMBER] wrong version number (_ssl.c:1000)')))
[INFO] 2024-05-11 Saturday 22:47:38: [-] …®√Ë“—Õ£÷π
[INFO] 2024-05-11 Saturday 22:47:38: [-] …®√ËΩ· ¯

[ERROR] 2024-05-11 Saturday 22:48:16: invalid literal for int() with base 10: ''
[ERROR] 2024-05-11 Saturday 22:48:17: ('Connection aborted.', RemoteDisconnected('Remote end closed connection without response'))
[ERROR] 2024-05-11 Saturday 22:48:17: ('Connection aborted.', RemoteDisconnected('Remote end closed connection without response'))
[ERROR] 2024-05-11 Saturday 22:48:17: ('Connection aborted.', RemoteDisconnected('Remote end closed connection without response'))
[ERROR] 2024-05-11 Saturday 22:48:17: ('Connection aborted.', RemoteDisconnected('Remote end closed connection without response'))
[ERROR] 2024-05-11 Saturday 22:48:17: ('Connection aborted.', RemoteDisconnected('Remote end closed connection without response'))
[ERROR] 2024-05-11 Saturday 22:48:17: ('Connection aborted.', RemoteDisconnected('Remote end closed connection without response'))
[ERROR] 2024-05-11 Saturday 22:48:17: ('Connection aborted.', RemoteDisconnected('Remote end closed connection without response'))
[ERROR] 2024-05-11 Saturday 22:48:17: ('Connection aborted.', RemoteDisconnected('Remote end closed connection without response'))
[ERROR] 2024-05-11 Saturday 22:48:17: ('Connection aborted.', RemoteDisconnected('Remote end closed connection without response'))
[ERROR] 2024-05-11 Saturday 22:48:17: ('Connection aborted.', RemoteDisconnected('Remote end closed connection without response'))
[ERROR] 2024-05-11 Saturday 22:48:17: ('Connection aborted.', RemoteDisconnected('Remote end closed connection without response'))
[ERROR] 2024-05-11 Saturday 22:48:17: ('Connection aborted.', RemoteDisconnected('Remote end closed connection without response'))
[ERROR] 2024-05-11 Saturday 22:48:17: ('Connection aborted.', RemoteDisconnected('Remote end closed connection without response'))
[ERROR] 2024-05-11 Saturday 22:48:17: ('Connection aborted.', RemoteDisconnected('Remote end closed connection without response'))
[ERROR] 2024-05-11 Saturday 22:48:17: ('Connection aborted.', RemoteDisconnected('Remote end closed connection without response'))
[ERROR] 2024-05-11 Saturday 22:48:17: ('Connection aborted.', RemoteDisconnected('Remote end closed connection without response'))
[ERROR] 2024-05-11 Saturday 22:48:18: ('Connection aborted.', RemoteDisconnected('Remote end closed connection without response'))
[ERROR] 2024-05-11 Saturday 22:48:18: ('Connection aborted.', RemoteDisconnected('Remote end closed connection without response'))
[ERROR] 2024-05-11 Saturday 22:48:18: ('Connection aborted.', RemoteDisconnected('Remote end closed connection without response'))
[ERROR] 2024-05-11 Saturday 22:48:18: ('Connection aborted.', RemoteDisconnected('Remote end closed connection without response'))
[ERROR] 2024-05-11 Saturday 22:48:18: ('Connection aborted.', RemoteDisconnected('Remote end closed connection without response'))
[ERROR] 2024-05-11 Saturday 22:48:18: ('Connection aborted.', RemoteDisconnected('Remote end closed connection without response'))
[ERROR] 2024-05-11 Saturday 22:48:18: ('Connection aborted.', RemoteDisconnected('Remote end closed connection without response'))
[ERROR] 2024-05-11 Saturday 22:48:18: ('Connection aborted.', RemoteDisconnected('Remote end closed connection without response'))
[ERROR] 2024-05-11 Saturday 22:48:18: ('Connection aborted.', RemoteDisconnected('Remote end closed connection without response'))
[ERROR] 2024-05-11 Saturday 22:48:18: ('Connection aborted.', RemoteDisconnected('Remote end closed connection without response'))
[ERROR] 2024-05-11 Saturday 22:48:18: ('Connection aborted.', RemoteDisconnected('Remote end closed connection without response'))
[ERROR] 2024-05-11 Saturday 22:48:18: ('Connection aborted.', RemoteDisconnected('Remote end closed connection without response'))
[ERROR] 2024-05-11 Saturday 22:48:18: ('Connection aborted.', RemoteDisconnected('Remote end closed connection without response'))
[ERROR] 2024-05-11 Saturday 22:48:18: ('Connection aborted.', RemoteDisconnected('Remote end closed connection without response'))
[ERROR] 2024-05-11 Saturday 22:48:18: ('Connection aborted.', RemoteDisconnected('Remote end closed connection without response'))
[ERROR] 2024-05-11 Saturday 22:48:18: ('Connection aborted.', RemoteDisconnected('Remote end closed connection without response'))
[ERROR] 2024-05-11 Saturday 22:48:18: ('Connection aborted.', RemoteDisconnected('Remote end closed connection without response'))
[ERROR] 2024-05-11 Saturday 22:48:18: ('Connection aborted.', RemoteDisconnected('Remote end closed connection without response'))
[ERROR] 2024-05-11 Saturday 22:48:18: ('Connection aborted.', RemoteDisconnected('Remote end closed connection without response'))
[ERROR] 2024-05-11 Saturday 22:48:18: ('Connection aborted.', RemoteDisconnected('Remote end closed connection without response'))
[ERROR] 2024-05-11 Saturday 22:48:18: ('Connection aborted.', RemoteDisconnected('Remote end closed connection without response'))
[ERROR] 2024-05-11 Saturday 22:48:18: ('Connection aborted.', RemoteDisconnected('Remote end closed connection without response'))
[ERROR] 2024-05-11 Saturday 22:48:18: ('Connection aborted.', RemoteDisconnected('Remote end closed connection without response'))
[ERROR] 2024-05-11 Saturday 22:48:18: ('Connection aborted.', RemoteDisconnected('Remote end closed connection without response'))
[ERROR] 2024-05-11 Saturday 22:48:18: ('Connection aborted.', RemoteDisconnected('Remote end closed connection without response'))
[ERROR] 2024-05-11 Saturday 22:48:18: ('Connection aborted.', RemoteDisconnected('Remote end closed connection without response'))
[ERROR] 2024-05-11 Saturday 22:48:18: ('Connection aborted.', RemoteDisconnected('Remote end closed connection without response'))
[ERROR] 2024-05-11 Saturday 22:48:19: ('Connection aborted.', RemoteDisconnected('Remote end closed connection without response'))
[ERROR] 2024-05-11 Saturday 22:48:19: ('Connection aborted.', RemoteDisconnected('Remote end closed connection without response'))
[ERROR] 2024-05-11 Saturday 22:48:19: ('Connection aborted.', RemoteDisconnected('Remote end closed connection without response'))
[ERROR] 2024-05-11 Saturday 22:48:19: ('Connection aborted.', RemoteDisconnected('Remote end closed connection without response'))
[ERROR] 2024-05-11 Saturday 22:48:19: ('Connection aborted.', RemoteDisconnected('Remote end closed connection without response'))
[ERROR] 2024-05-11 Saturday 22:48:19: ('Connection aborted.', RemoteDisconnected('Remote end closed connection without response'))
[ERROR] 2024-05-11 Saturday 22:48:19: ('Connection aborted.', RemoteDisconnected('Remote end closed connection without response'))
[ERROR] 2024-05-11 Saturday 22:48:19: ('Connection aborted.', RemoteDisconnected('Remote end closed connection without response'))
[ERROR] 2024-05-11 Saturday 22:48:19: ('Connection aborted.', RemoteDisconnected('Remote end closed connection without response'))
[ERROR] 2024-05-11 Saturday 22:48:19: ('Connection aborted.', RemoteDisconnected('Remote end closed connection without response'))
[ERROR] 2024-05-11 Saturday 22:48:19: ('Connection aborted.', RemoteDisconnected('Remote end closed connection without response'))
[ERROR] 2024-05-11 Saturday 22:48:19: ('Connection aborted.', RemoteDisconnected('Remote end closed connection without response'))
[ERROR] 2024-05-11 Saturday 22:48:19: ('Connection aborted.', RemoteDisconnected('Remote end closed connection without response'))
[ERROR] 2024-05-11 Saturday 22:48:19: ('Connection aborted.', RemoteDisconnected('Remote end closed connection without response'))
[ERROR] 2024-05-11 Saturday 22:48:19: ('Connection aborted.', RemoteDisconnected('Remote end closed connection without response'))
[ERROR] 2024-05-11 Saturday 22:48:19: ('Connection aborted.', RemoteDisconnected('Remote end closed connection without response'))
[ERROR] 2024-05-11 Saturday 22:48:19: ('Connection aborted.', RemoteDisconnected('Remote end closed connection without response'))
[ERROR] 2024-05-11 Saturday 22:48:19: ('Connection aborted.', RemoteDisconnected('Remote end closed connection without response'))
[ERROR] 2024-05-11 Saturday 22:48:19: ('Connection aborted.', RemoteDisconnected('Remote end closed connection without response'))
[ERROR] 2024-05-11 Saturday 22:48:19: ('Connection aborted.', RemoteDisconnected('Remote end closed connection without response'))
[ERROR] 2024-05-11 Saturday 22:48:19: ('Connection aborted.', RemoteDisconnected('Remote end closed connection without response'))
[ERROR] 2024-05-11 Saturday 22:48:19: ('Connection aborted.', RemoteDisconnected('Remote end closed connection without response'))
[ERROR] 2024-05-11 Saturday 22:48:19: ('Connection aborted.', RemoteDisconnected('Remote end closed connection without response'))
[ERROR] 2024-05-11 Saturday 22:48:19: ('Connection aborted.', RemoteDisconnected('Remote end closed connection without response'))
[ERROR] 2024-05-11 Saturday 22:48:19: ('Connection aborted.', RemoteDisconnected('Remote end closed connection without response'))
[ERROR] 2024-05-11 Saturday 22:48:19: ('Connection aborted.', RemoteDisconnected('Remote end closed connection without response'))
[ERROR] 2024-05-11 Saturday 22:48:19: ('Connection aborted.', RemoteDisconnected('Remote end closed connection without response'))
[ERROR] 2024-05-11 Saturday 22:48:19: ('Connection aborted.', RemoteDisconnected('Remote end closed connection without response'))
[ERROR] 2024-05-11 Saturday 22:48:20: ('Connection aborted.', RemoteDisconnected('Remote end closed connection without response'))
[ERROR] 2024-05-11 Saturday 22:48:20: ('Connection aborted.', RemoteDisconnected('Remote end closed connection without response'))
[ERROR] 2024-05-11 Saturday 22:48:20: ('Connection aborted.', RemoteDisconnected('Remote end closed connection without response'))
[ERROR] 2024-05-11 Saturday 22:48:20: ('Connection aborted.', RemoteDisconnected('Remote end closed connection without response'))
[ERROR] 2024-05-11 Saturday 22:48:20: ('Connection aborted.', RemoteDisconnected('Remote end closed connection without response'))
[ERROR] 2024-05-11 Saturday 22:48:20: ('Connection aborted.', RemoteDisconnected('Remote end closed connection without response'))
[ERROR] 2024-05-11 Saturday 22:48:20: ('Connection aborted.', RemoteDisconnected('Remote end closed connection without response'))
[ERROR] 2024-05-11 Saturday 22:48:20: ('Connection aborted.', RemoteDisconnected('Remote end closed connection without response'))
[ERROR] 2024-05-11 Saturday 22:48:20: ('Connection aborted.', RemoteDisconnected('Remote end closed connection without response'))
[ERROR] 2024-05-11 Saturday 22:48:20: ('Connection aborted.', RemoteDisconnected('Remote end closed connection without response'))
[ERROR] 2024-05-11 Saturday 22:48:20: ('Connection aborted.', RemoteDisconnected('Remote end closed connection without response'))
[ERROR] 2024-05-11 Saturday 22:48:20: ('Connection aborted.', RemoteDisconnected('Remote end closed connection without response'))
[ERROR] 2024-05-11 Saturday 22:48:21: HTTPConnectionPool(host='awd.seek2.top', port=48100): Max retries exceeded with url: / (Caused by ConnectTimeoutError(<urllib3.connection.HTTPConnection object at 0x000001ECEDD8ACF0>, 'Connection to awd.seek2.top timed out. (connect timeout=1)'))
[INFO] 2024-05-11 Saturday 22:48:21: [-] …®√ËΩ· ¯

[ERROR] 2024-05-11 Saturday 22:50:28: invalid literal for int() with base 10: ''
[ERROR] 2024-05-11 Saturday 22:50:29: ('Connection aborted.', RemoteDisconnected('Remote end closed connection without response'))
[ERROR] 2024-05-11 Saturday 22:50:29: ('Connection aborted.', RemoteDisconnected('Remote end closed connection without response'))
[ERROR] 2024-05-11 Saturday 22:50:29: ('Connection aborted.', RemoteDisconnected('Remote end closed connection without response'))
[ERROR] 2024-05-11 Saturday 22:50:29: ('Connection aborted.', RemoteDisconnected('Remote end closed connection without response'))
[ERROR] 2024-05-11 Saturday 22:50:29: ('Connection aborted.', RemoteDisconnected('Remote end closed connection without response'))
[ERROR] 2024-05-11 Saturday 22:50:29: ('Connection aborted.', RemoteDisconnected('Remote end closed connection without response'))
[ERROR] 2024-05-11 Saturday 22:50:29: ('Connection aborted.', RemoteDisconnected('Remote end closed connection without response'))
[ERROR] 2024-05-11 Saturday 22:50:29: ('Connection aborted.', RemoteDisconnected('Remote end closed connection without response'))
[ERROR] 2024-05-11 Saturday 22:50:29: ('Connection aborted.', RemoteDisconnected('Remote end closed connection without response'))
[ERROR] 2024-05-11 Saturday 22:50:29: ('Connection aborted.', RemoteDisconnected('Remote end closed connection without response'))
[ERROR] 2024-05-11 Saturday 22:50:29: ('Connection aborted.', RemoteDisconnected('Remote end closed connection without response'))
[ERROR] 2024-05-11 Saturday 22:50:29: ('Connection aborted.', RemoteDisconnected('Remote end closed connection without response'))
[ERROR] 2024-05-11 Saturday 22:50:29: ('Connection aborted.', RemoteDisconnected('Remote end closed connection without response'))
[ERROR] 2024-05-11 Saturday 22:50:29: ('Connection aborted.', RemoteDisconnected('Remote end closed connection without response'))
[ERROR] 2024-05-11 Saturday 22:50:29: ('Connection aborted.', RemoteDisconnected('Remote end closed connection without response'))
[ERROR] 2024-05-11 Saturday 22:50:30: ('Connection aborted.', RemoteDisconnected('Remote end closed connection without response'))
[ERROR] 2024-05-11 Saturday 22:50:30: ('Connection aborted.', RemoteDisconnected('Remote end closed connection without response'))
[ERROR] 2024-05-11 Saturday 22:50:30: ('Connection aborted.', RemoteDisconnected('Remote end closed connection without response'))
[ERROR] 2024-05-11 Saturday 22:50:30: ('Connection aborted.', RemoteDisconnected('Remote end closed connection without response'))
[ERROR] 2024-05-11 Saturday 22:50:30: ('Connection aborted.', RemoteDisconnected('Remote end closed connection without response'))
[ERROR] 2024-05-11 Saturday 22:50:30: ('Connection aborted.', RemoteDisconnected('Remote end closed connection without response'))
[ERROR] 2024-05-11 Saturday 22:50:30: ('Connection aborted.', RemoteDisconnected('Remote end closed connection without response'))
[ERROR] 2024-05-11 Saturday 22:50:30: ('Connection aborted.', RemoteDisconnected('Remote end closed connection without response'))
[ERROR] 2024-05-11 Saturday 22:50:30: ('Connection aborted.', RemoteDisconnected('Remote end closed connection without response'))
[ERROR] 2024-05-11 Saturday 22:50:30: ('Connection aborted.', RemoteDisconnected('Remote end closed connection without response'))
[ERROR] 2024-05-11 Saturday 22:50:30: ('Connection aborted.', RemoteDisconnected('Remote end closed connection without response'))
[ERROR] 2024-05-11 Saturday 22:50:30: ('Connection aborted.', RemoteDisconnected('Remote end closed connection without response'))
[ERROR] 2024-05-11 Saturday 22:50:30: ('Connection aborted.', RemoteDisconnected('Remote end closed connection without response'))
[ERROR] 2024-05-11 Saturday 22:50:30: ('Connection aborted.', RemoteDisconnected('Remote end closed connection without response'))
[ERROR] 2024-05-11 Saturday 22:50:30: ('Connection aborted.', RemoteDisconnected('Remote end closed connection without response'))
[ERROR] 2024-05-11 Saturday 22:50:30: ('Connection aborted.', RemoteDisconnected('Remote end closed connection without response'))
[ERROR] 2024-05-11 Saturday 22:50:30: ('Connection aborted.', RemoteDisconnected('Remote end closed connection without response'))
[ERROR] 2024-05-11 Saturday 22:50:30: ('Connection aborted.', RemoteDisconnected('Remote end closed connection without response'))
[ERROR] 2024-05-11 Saturday 22:50:30: ('Connection aborted.', RemoteDisconnected('Remote end closed connection without response'))
[ERROR] 2024-05-11 Saturday 22:50:30: ('Connection aborted.', RemoteDisconnected('Remote end closed connection without response'))
[ERROR] 2024-05-11 Saturday 22:50:30: ('Connection aborted.', RemoteDisconnected('Remote end closed connection without response'))
[ERROR] 2024-05-11 Saturday 22:50:30: ('Connection aborted.', RemoteDisconnected('Remote end closed connection without response'))
[ERROR] 2024-05-11 Saturday 22:50:30: ('Connection aborted.', RemoteDisconnected('Remote end closed connection without response'))
[ERROR] 2024-05-11 Saturday 22:50:30: ('Connection aborted.', RemoteDisconnected('Remote end closed connection without response'))
[ERROR] 2024-05-11 Saturday 22:50:30: ('Connection aborted.', RemoteDisconnected('Remote end closed connection without response'))
[ERROR] 2024-05-11 Saturday 22:50:30: ('Connection aborted.', RemoteDisconnected('Remote end closed connection without response'))
[ERROR] 2024-05-11 Saturday 22:50:30: ('Connection aborted.', RemoteDisconnected('Remote end closed connection without response'))
[ERROR] 2024-05-11 Saturday 22:50:30: ('Connection aborted.', RemoteDisconnected('Remote end closed connection without response'))
[ERROR] 2024-05-11 Saturday 22:50:31: ('Connection aborted.', RemoteDisconnected('Remote end closed connection without response'))
[ERROR] 2024-05-11 Saturday 22:50:31: ('Connection aborted.', RemoteDisconnected('Remote end closed connection without response'))
[ERROR] 2024-05-11 Saturday 22:50:31: ('Connection aborted.', RemoteDisconnected('Remote end closed connection without response'))
[ERROR] 2024-05-11 Saturday 22:50:31: ('Connection aborted.', RemoteDisconnected('Remote end closed connection without response'))
[ERROR] 2024-05-11 Saturday 22:50:31: ('Connection aborted.', RemoteDisconnected('Remote end closed connection without response'))
[ERROR] 2024-05-11 Saturday 22:50:31: ('Connection aborted.', RemoteDisconnected('Remote end closed connection without response'))
[ERROR] 2024-05-11 Saturday 22:50:31: ('Connection aborted.', RemoteDisconnected('Remote end closed connection without response'))
[ERROR] 2024-05-11 Saturday 22:50:31: ('Connection aborted.', RemoteDisconnected('Remote end closed connection without response'))
[ERROR] 2024-05-11 Saturday 22:50:31: ('Connection aborted.', RemoteDisconnected('Remote end closed connection without response'))
[ERROR] 2024-05-11 Saturday 22:50:31: ('Connection aborted.', RemoteDisconnected('Remote end closed connection without response'))
[ERROR] 2024-05-11 Saturday 22:50:31: ('Connection aborted.', RemoteDisconnected('Remote end closed connection without response'))
[ERROR] 2024-05-11 Saturday 22:50:31: ('Connection aborted.', RemoteDisconnected('Remote end closed connection without response'))
[ERROR] 2024-05-11 Saturday 22:50:31: ('Connection aborted.', RemoteDisconnected('Remote end closed connection without response'))
[ERROR] 2024-05-11 Saturday 22:50:31: ('Connection aborted.', RemoteDisconnected('Remote end closed connection without response'))
[ERROR] 2024-05-11 Saturday 22:50:31: ('Connection aborted.', RemoteDisconnected('Remote end closed connection without response'))
[ERROR] 2024-05-11 Saturday 22:50:31: ('Connection aborted.', RemoteDisconnected('Remote end closed connection without response'))
[ERROR] 2024-05-11 Saturday 22:50:31: ('Connection aborted.', RemoteDisconnected('Remote end closed connection without response'))
[ERROR] 2024-05-11 Saturday 22:50:31: ('Connection aborted.', RemoteDisconnected('Remote end closed connection without response'))
[ERROR] 2024-05-11 Saturday 22:50:31: ('Connection aborted.', RemoteDisconnected('Remote end closed connection without response'))
[ERROR] 2024-05-11 Saturday 22:50:31: ('Connection aborted.', RemoteDisconnected('Remote end closed connection without response'))
[ERROR] 2024-05-11 Saturday 22:50:31: ('Connection aborted.', RemoteDisconnected('Remote end closed connection without response'))
[ERROR] 2024-05-11 Saturday 22:50:31: ('Connection aborted.', RemoteDisconnected('Remote end closed connection without response'))
[ERROR] 2024-05-11 Saturday 22:50:31: ('Connection aborted.', RemoteDisconnected('Remote end closed connection without response'))
[ERROR] 2024-05-11 Saturday 22:50:31: ('Connection aborted.', RemoteDisconnected('Remote end closed connection without response'))
[ERROR] 2024-05-11 Saturday 22:50:31: ('Connection aborted.', RemoteDisconnected('Remote end closed connection without response'))
[ERROR] 2024-05-11 Saturday 22:50:31: ('Connection aborted.', RemoteDisconnected('Remote end closed connection without response'))
[ERROR] 2024-05-11 Saturday 22:50:31: ('Connection aborted.', RemoteDisconnected('Remote end closed connection without response'))
[ERROR] 2024-05-11 Saturday 22:50:32: ('Connection aborted.', RemoteDisconnected('Remote end closed connection without response'))
[ERROR] 2024-05-11 Saturday 22:50:32: ('Connection aborted.', RemoteDisconnected('Remote end closed connection without response'))
[ERROR] 2024-05-11 Saturday 22:50:32: ('Connection aborted.', RemoteDisconnected('Remote end closed connection without response'))
[ERROR] 2024-05-11 Saturday 22:50:32: ('Connection aborted.', RemoteDisconnected('Remote end closed connection without response'))
[ERROR] 2024-05-11 Saturday 22:50:32: ('Connection aborted.', RemoteDisconnected('Remote end closed connection without response'))
[ERROR] 2024-05-11 Saturday 22:50:32: ('Connection aborted.', RemoteDisconnected('Remote end closed connection without response'))
[ERROR] 2024-05-11 Saturday 22:50:32: ('Connection aborted.', RemoteDisconnected('Remote end closed connection without response'))
[ERROR] 2024-05-11 Saturday 22:50:32: ('Connection aborted.', RemoteDisconnected('Remote end closed connection without response'))
[ERROR] 2024-05-11 Saturday 22:50:32: ('Connection aborted.', RemoteDisconnected('Remote end closed connection without response'))
[ERROR] 2024-05-11 Saturday 22:50:32: ('Connection aborted.', RemoteDisconnected('Remote end closed connection without response'))
[ERROR] 2024-05-11 Saturday 22:50:32: ('Connection aborted.', RemoteDisconnected('Remote end closed connection without response'))
[ERROR] 2024-05-11 Saturday 22:50:32: ('Connection aborted.', RemoteDisconnected('Remote end closed connection without response'))
[ERROR] 2024-05-11 Saturday 22:50:32: ('Connection aborted.', RemoteDisconnected('Remote end closed connection without response'))
[ERROR] 2024-05-11 Saturday 22:50:35: HTTPConnectionPool(host='awd.seek2.top', port=48100): Max retries exceeded with url: / (Caused by ConnectTimeoutError(<urllib3.connection.HTTPConnection object at 0x000001F76D4A46E0>, 'Connection to awd.seek2.top timed out. (connect timeout=3)'))
[INFO] 2024-05-11 Saturday 22:50:35: [-] …®√ËΩ· ¯

[ERROR] 2024-05-11 Saturday 22:50:59: invalid literal for int() with base 10: ''
[INFO] 2024-05-11 Saturday 22:50:59: [-] …®√ËΩ· ¯

[INFO] 2024-05-11 Saturday 22:51:11: [-] …®√ËΩ· ¯

[ERROR] 2024-10-26 Saturday 15:31:45: name 'App' is not defined
[ERROR] 2024-10-26 Saturday 15:38:58: invalid literal for int() with base 10: ''
[ERROR] 2024-10-26 Saturday 15:38:58: Invalid URL '123': No scheme supplied. Perhaps you meant https://123?
[INFO] 2024-10-26 Saturday 15:38:58: [-] …®√ËΩ· ¯

[ERROR] 2024-10-26 Saturday 15:39:02: invalid literal for int() with base 10: ''
[ERROR] 2024-10-26 Saturday 15:39:02: Invalid URL '123412433': No scheme supplied. Perhaps you meant https://123412433?
[INFO] 2024-10-26 Saturday 15:39:02: [-] …®√ËΩ· ¯

